<?xml version="1.0" encoding="UTF-8"?>
<testsuite xmlns:xsi="http://www.w3.org/2001/XMLSchema-instance" xsi:noNamespaceSchemaLocation="https://maven.apache.org/surefire/maven-surefire-plugin/xsd/surefire-test-report-3.0.xsd" version="3.0" name="me.jasper.jasperproject.FileConfiguration.ConfiguratorTest" time="0.075" tests="1" errors="1" skipped="0" failures="0">
  <properties>
[...]
</properties>
  <testcase name="getConfig" classname="me.jasper.jasperproject.FileConfiguration.ConfiguratorTest" time="0.03">
    <error message="Cannot read the array length because &quot;&lt;local3&gt;&quot; is null" type="java.lang.NullPointerException"><![CDATA[java.lang.NullPointerException: Cannot read the array length because "<local3>" is null
	at me.jasper.jasperproject.Util.FileConfiguration.Configurator.load(Configurator.java:59)
	at me.jasper.jasperproject.FileConfiguration.ConfiguratorTest.getConfig(ConfiguratorTest.java:14)
	at java.base/java.lang.reflect.Method.invoke(Method.java:580)
	at java.base/java.util.ArrayList.forEach(ArrayList.java:1596)
	at java.base/java.util.ArrayList.forEach(ArrayList.java:1596)
]]></error>
  </testcase>
</testsuite>